# JRE version: OpenJDK Runtime Environment (11.0.7+10) (build 11.0.7+10-LTS)
# Java VM: OpenJDK 64-Bit Server VM (11.0.7+10-LTS, mixed mode, tiered, compressed oops, g1 gc, windows-amd64)
Heap:
 garbage-first heap   total 1531904K, used 668290K [0x0000000602200000, 0x0000000800000000)
  region size 2048K, 1 young (2048K), 1 survivors (2048K)
 Metaspace       used 47203K, capacity 47950K, committed 48208K, reserved 1091584K
  class space    used 5585K, capacity 5863K, committed 5888K, reserved 1048576K
GC Heap History (20 events):
Event: 20.845 GC heap after
{Heap after GC invocations=33 (full 0):
 garbage-first heap   total 696320K, used 422151K [0x0000000602200000, 0x0000000800000000)
  region size 2048K, 1 young (2048K), 1 survivors (2048K)
 Metaspace       used 47173K, capacity 47950K, committed 48208K, reserved 1091584K
  class space    used 5585K, capacity 5863K, committed 5888K, reserved 1048576K
}
Event: 20.951 GC heap before
{Heap before GC invocations=34 (full 0):
 garbage-first heap   total 825344K, used 551175K [0x0000000602200000, 0x0000000800000000)
  region size 2048K, 2 young (4096K), 1 survivors (2048K)
 Metaspace       used 47173K, capacity 47950K, committed 48208K, reserved 1091584K
  class space    used 5585K, capacity 5863K, committed 5888K, reserved 1048576K
}
Event: 20.952 GC heap after
{Heap after GC invocations=35 (full 0):
 garbage-first heap   total 825344K, used 356616K [0x0000000602200000, 0x0000000800000000)
  region size 2048K, 1 young (2048K), 1 survivors (2048K)
 Metaspace       used 47173K, capacity 47950K, committed 48208K, reserved 1091584K
  class space    used 5585K, capacity 5863K, committed 5888K, reserved 1048576K
}
Event: 21.150 GC heap before
{Heap before GC invocations=36 (full 0):
 garbage-first heap   total 825344K, used 487688K [0x0000000602200000, 0x0000000800000000)
  region size 2048K, 30 young (61440K), 1 survivors (2048K)
 Metaspace       used 47173K, capacity 47950K, committed 48208K, reserved 1091584K
  class space    used 5585K, capacity 5863K, committed 5888K, reserved 1048576K
}
Event: 21.159 GC heap after
{Heap after GC invocations=37 (full 0):
 garbage-first heap   total 825344K, used 491264K [0x0000000602200000, 0x0000000800000000)
  region size 2048K, 16 young (32768K), 16 survivors (32768K)
 Metaspace       used 47173K, capacity 47950K, committed 48208K, reserved 1091584K
  class space    used 5585K, capacity 5863K, committed 5888K, reserved 1048576K
}
Event: 21.329 GC heap before
{Heap before GC invocations=38 (full 0):
 garbage-first heap   total 825344K, used 663296K [0x0000000602200000, 0x0000000800000000)
  region size 2048K, 72 young (147456K), 16 survivors (32768K)
 Metaspace       used 47185K, capacity 47950K, committed 48208K, reserved 1091584K
  class space    used 5585K, capacity 5863K, committed 5888K, reserved 1048576K
}
Event: 21.330 GC heap after
{Heap after GC invocations=39 (full 0):
 garbage-first heap   total 825344K, used 459613K [0x0000000602200000, 0x0000000800000000)
  region size 2048K, 1 young (2048K), 1 survivors (2048K)
 Metaspace       used 47185K, capacity 47950K, committed 48208K, reserved 1091584K
  class space    used 5585K, capacity 5863K, committed 5888K, reserved 1048576K
}
Event: 21.415 GC heap before
{Heap before GC invocations=39 (full 0):
 garbage-first heap   total 825344K, used 605021K [0x0000000602200000, 0x0000000800000000)
  region size 2048K, 72 young (147456K), 1 survivors (2048K)
 Metaspace       used 47185K, capacity 47950K, committed 48208K, reserved 1091584K
  class space    used 5585K, capacity 5863K, committed 5888K, reserved 1048576K
}
Event: 21.416 GC heap after
{Heap after GC invocations=40 (full 0):
 garbage-first heap   total 825344K, used 459639K [0x0000000602200000, 0x0000000800000000)
  region size 2048K, 1 young (2048K), 1 survivors (2048K)
 Metaspace       used 47185K, capacity 47950K, committed 48208K, reserved 1091584K
  class space    used 5585K, capacity 5863K, committed 5888K, reserved 1048576K
}
Event: 21.526 GC heap before
{Heap before GC invocations=41 (full 0):
 garbage-first heap   total 825344K, used 596855K [0x0000000602200000, 0x0000000800000000)
  region size 2048K, 80 young (163840K), 1 survivors (2048K)
 Metaspace       used 47185K, capacity 47950K, committed 48208K, reserved 1091584K
  class space    used 5585K, capacity 5863K, committed 5888K, reserved 1048576K
}
Event: 21.527 GC heap after
{Heap after GC invocations=42 (full 0):
 garbage-first heap   total 825344K, used 435061K [0x0000000602200000, 0x0000000800000000)
  region size 2048K, 1 young (2048K), 1 survivors (2048K)
 Metaspace       used 47185K, capacity 47950K, committed 48208K, reserved 1091584K
  class space    used 5585K, capacity 5863K, committed 5888K, reserved 1048576K
}
Event: 21.683 GC heap before
{Heap before GC invocations=42 (full 0):
 garbage-first heap   total 825344K, used 625525K [0x0000000602200000, 0x0000000800000000)
  region size 2048K, 94 young (192512K), 1 survivors (2048K)
 Metaspace       used 47185K, capacity 47950K, committed 48208K, reserved 1091584K
  class space    used 5585K, capacity 5863K, committed 5888K, reserved 1048576K
}
Event: 21.684 GC heap after
{Heap after GC invocations=43 (full 0):
 garbage-first heap   total 825344K, used 435068K [0x0000000602200000, 0x0000000800000000)
  region size 2048K, 1 young (2048K), 1 survivors (2048K)
 Metaspace       used 47185K, capacity 47950K, committed 48208K, reserved 1091584K
  class space    used 5585K, capacity 5863K, committed 5888K, reserved 1048576K
}
Event: 21.878 GC heap before
{Heap before GC invocations=44 (full 0):
 garbage-first heap   total 825344K, used 639868K [0x0000000602200000, 0x0000000800000000)
  region size 2048K, 101 young (206848K), 1 survivors (2048K)
 Metaspace       used 47185K, capacity 47950K, committed 48208K, reserved 1091584K
  class space    used 5585K, capacity 5863K, committed 5888K, reserved 1048576K
}
Event: 21.879 GC heap after
{Heap after GC invocations=45 (full 0):
 garbage-first heap   total 825344K, used 435063K [0x0000000602200000, 0x0000000800000000)
  region size 2048K, 1 young (2048K), 1 survivors (2048K)
 Metaspace       used 47185K, capacity 47950K, committed 48208K, reserved 1091584K
  class space    used 5585K, capacity 5863K, committed 5888K, reserved 1048576K
}
Event: 22.091 GC heap before
{Heap before GC invocations=45 (full 0):
 garbage-first heap   total 825344K, used 650103K [0x0000000602200000, 0x0000000800000000)
  region size 2048K, 107 young (219136K), 1 survivors (2048K)
 Metaspace       used 47203K, capacity 47950K, committed 48208K, reserved 1091584K
  class space    used 5585K, capacity 5863K, committed 5888K, reserved 1048576K
}
Event: 22.093 GC heap after
{Heap after GC invocations=46 (full 0):
 garbage-first heap   total 825344K, used 438971K [0x0000000602200000, 0x0000000800000000)
  region size 2048K, 3 young (6144K), 3 survivors (6144K)
 Metaspace       used 47203K, capacity 47950K, committed 48208K, reserved 1091584K
  class space    used 5585K, capacity 5863K, committed 5888K, reserved 1048576K
}
Event: 22.174 GC heap before
{Heap before GC invocations=47 (full 0):
 garbage-first heap   total 825344K, used 590523K [0x0000000602200000, 0x0000000800000000)
  region size 2048K, 79 young (161792K), 3 survivors (6144K)
 Metaspace       used 47203K, capacity 47950K, committed 48208K, reserved 1091584K
  class space    used 5585K, capacity 5863K, committed 5888K, reserved 1048576K
}
Event: 22.187 GC heap after
{Heap after GC invocations=48 (full 0):
 garbage-first heap   total 825344K, used 592512K [0x0000000602200000, 0x0000000800000000)
  region size 2048K, 15 young (30720K), 15 survivors (30720K)
 Metaspace       used 47203K, capacity 47950K, committed 48208K, reserved 1091584K
  class space    used 5585K, capacity 5863K, committed 5888K, reserved 1048576K
}
Event: 22.234 GC heap before
{Heap before GC invocations=49 (full 0):
 garbage-first heap   total 825344K, used 668288K [0x0000000602200000, 0x0000000800000000)
  region size 2048K, 16 young (32768K), 15 survivors (30720K)
 Metaspace       used 47203K, capacity 47950K, committed 48208K, reserved 1091584K
  class space    used 5585K, capacity 5863K, committed 5888K, reserved 1048576K
}

